2021-05-22 13:55:10:5510 debug: User Hello text
2021-05-22 13:55:14:5514 debug: User Hello text
2021-05-22 13:55:28:5528 error: User Hello text
2021-05-22 14:35:19:3519 error: User Hello text
2021-05-22 14:35:19:3519 info: GET /api/user/text 304 5.749 ms - -
2021-05-22 14:36:07:367 info: GET /api/user/text 304 2.337 ms - -
2021-05-22 14:36:07:367 info: GET /api/user/text 304 0.593 ms - -
2021-05-22 14:36:07:367 info: GET /api/user/text 304 0.284 ms - -
2021-05-22 14:36:08:368 info: GET /api/user/text 304 0.263 ms - -
2021-05-22 15:06:34:634 info: GET /api/user/text 304 2.437 ms - -
2021-05-23 15:18:05:185 http: GET /api/user/?id=12345&name=Huynh%20Anh - - ms - -
2021-05-23 15:18:13:1813 http: GET /api/user/?id=12345&name=Huynh%20Anh - - ms - -
2021-05-23 15:19:03:193 http: GET /api/user/?id=12345&name=Huynh%20Anh - - ms - -
2021-05-27 12:02:59:259 http: GET /api/user/text 304 3.580 ms - -
2021-05-27 12:02:59:259 http: GET /favicon.ico 200 0.629 ms - 20
2021-05-27 12:03:07:37 http: GET /api/user/search 200 0.684 ms - 20
2021-05-27 12:03:07:37 http: GET /favicon.ico 304 0.341 ms - -
2021-05-27 12:03:54:354 http: GET /api/user/ - - ms - -
2021-05-27 12:05:09:59 http: GET /api/user/?id=12345&name=Huynh%20Anh 200 31.903 ms - 2
2021-05-27 12:06:25:625 http: GET /api/user/text/?id=12345&name=Huynh%20Anh 200 3.051 ms - 36
2021-05-27 12:08:38:838 http: GET /api/user/?id=12345&name=Huynh%20Anh 200 33.881 ms - 2
2021-05-29 19:57:08:578 http: GET /api/user/search 200 7.994 ms - 20
2021-05-29 19:57:08:578 http: GET /favicon.ico 200 0.392 ms - 20
2021-05-31 10:59:15:5915 http: POST /api/auth/register - - ms - -
2021-05-31 10:59:25:5925 http: POST /api/auth/register - - ms - -
2021-05-31 10:59:54:5954 http: POST /api/auth/register - - ms - -
2021-05-31 11:00:37:037 http: POST /api/auth/register - - ms - -
2021-05-31 11:01:23:123 http: POST /api/auth/register - - ms - -
2021-05-31 11:01:46:146 http: POST /api/auth/register - - ms - -
2021-05-31 11:03:30:330 http: POST /api/auth/register - - ms - -
2021-05-31 11:03:37:337 http: POST /api/auth/register - - ms - -
2021-05-31 11:03:42:342 http: POST /api/auth/register - - ms - -
2021-05-31 11:05:37:537 http: POST /api/auth/register - - ms - -
2021-05-31 11:05:41:541 http: POST /api/auth/register - - ms - -
2021-05-31 11:05:48:548 http: POST /api/auth/register - - ms - -
2021-05-31 11:14:40:1440 http: POST /api/auth/register - - ms - -
2021-05-31 17:41:35:4135 http: POST /api/auth/register - - ms - -
2021-05-31 17:41:44:4144 http: POST /api/auth/register - - ms - -
2021-05-31 17:48:21:4821 http: POST /api/auth/register - - ms - -
2021-05-31 17:48:37:4837 http: POST /api/auth/register - - ms - -
2021-05-31 17:51:21:5121 http: POST /api/auth/register - - ms - -
2021-06-01 18:08:26:826 http: POST /api/auth/register - - ms - -
2021-06-01 18:08:58:858 http: POST /api/auth/register - - ms - -
